<?xml version="1.0" encoding="UTF-8"?>
<testng-results ignored="0" total="2" passed="2" failed="0" skipped="0">
  <reporter-output>
  </reporter-output>
  <suite started-at="2024-04-10T04:15:42 GMT-07:00" name="Default suite" finished-at="2024-04-10T04:15:53 GMT-07:00" duration-ms="11391">
    <groups>
    </groups>
    <test started-at="2024-04-10T04:15:42 GMT-07:00" name="Default test" finished-at="2024-04-10T04:15:53 GMT-07:00" duration-ms="11391">
      <class name="SignUp.LogIn">
        <test-method is-config="true" signature="setUp()[pri:0, instance:SignUp.LogIn@273e7444]" started-at="2024-04-10T04:15:42 GMT-07:00" name="setUp" finished-at="2024-04-10T04:15:46 GMT-07:00" duration-ms="4095" status="PASS">
          <reporter-output>
          </reporter-output>
        </test-method> <!-- setUp -->
        <test-method signature="logInTest(java.lang.String)[pri:0, instance:SignUp.LogIn@273e7444]" started-at="2024-04-10T04:15:46 GMT-07:00" name="logInTest" data-provider="testData" finished-at="2024-04-10T04:15:48 GMT-07:00" duration-ms="1951" status="PASS">
          <params>
            <param index="0">
              <value>
                <![CDATA[8888888888]]>
              </value>
            </param>
          </params>
          <reporter-output>
          </reporter-output>
        </test-method> <!-- logInTest -->
        <test-method is-config="true" signature="tearDown()[pri:0, instance:SignUp.LogIn@273e7444]" started-at="2024-04-10T04:15:48 GMT-07:00" name="tearDown" finished-at="2024-04-10T04:15:48 GMT-07:00" duration-ms="156" status="PASS">
          <reporter-output>
          </reporter-output>
        </test-method> <!-- tearDown -->
        <test-method is-config="true" signature="setUp()[pri:0, instance:SignUp.LogIn@273e7444]" started-at="2024-04-10T04:15:48 GMT-07:00" name="setUp" finished-at="2024-04-10T04:15:51 GMT-07:00" duration-ms="3208" status="PASS">
          <reporter-output>
          </reporter-output>
        </test-method> <!-- setUp -->
        <test-method signature="logInTest(java.lang.String)[pri:0, instance:SignUp.LogIn@273e7444]" started-at="2024-04-10T04:15:51 GMT-07:00" name="logInTest" data-provider="testData" finished-at="2024-04-10T04:15:53 GMT-07:00" duration-ms="1788" status="PASS">
          <params>
            <param index="0">
              <value>
                <![CDATA[testuser@gmail.yahoo]]>
              </value>
            </param>
          </params>
          <reporter-output>
          </reporter-output>
        </test-method> <!-- logInTest -->
        <test-method is-config="true" signature="tearDown()[pri:0, instance:SignUp.LogIn@273e7444]" started-at="2024-04-10T04:15:53 GMT-07:00" name="tearDown" finished-at="2024-04-10T04:15:53 GMT-07:00" duration-ms="144" status="PASS">
          <reporter-output>
          </reporter-output>
        </test-method> <!-- tearDown -->
      </class> <!-- SignUp.LogIn -->
    </test> <!-- Default test -->
  </suite> <!-- Default suite -->
</testng-results>
