<?xml version="1.0" encoding="UTF-8"?>
<testng-results ignored="0" total="1" passed="0" failed="1" skipped="0">
  <reporter-output>
  </reporter-output>
  <suite started-at="2024-10-20T18:50:43 GST" name="Default suite" finished-at="2024-10-20T18:50:54 GST" duration-ms="11618">
    <groups>
    </groups>
    <test started-at="2024-10-20T18:50:43 GST" name="Default test" finished-at="2024-10-20T18:50:54 GST" duration-ms="11618">
      <class name="TestClasses.HandlingAccordian">
        <test-method signature="test()[pri:0, instance:TestClasses.HandlingAccordian@6c1a5b54]" started-at="2024-10-20T18:50:43 GST" name="test" finished-at="2024-10-20T18:50:54 GST" duration-ms="11589" status="FAIL">
          <exception class="org.openqa.selenium.ElementClickInterceptedException">
            <message>
              <![CDATA[element click intercepted: Element <div class="font-secondary text-s">...</div> is not clickable at point (229, 71). Other element would receive the click: <div class="container flex justify-between py-l h-[60px]">...</div>
  (Session info: chrome=129.0.6668.103)
Build info: version: '4.19.1', revision: 'abe0ee07dc'
System info: os.name: 'Mac OS X', os.arch: 'x86_64', os.version: '14.6.1', java.version: '17.0.10'
Driver info: org.openqa.selenium.chrome.ChromeDriver
Command: [6dbdebe6439b9cc1f960d6bba01f7983, clickElement {id=f.1CCDB2C0CF09EEF5DF708BC21E04A77B.d.2BDB728FD839AFDCCD210F4F0FEB77D8.e.66}]
Capabilities {acceptInsecureCerts: false, browserName: chrome, browserVersion: 129.0.6668.103, chrome: {chromedriverVersion: 129.0.6668.100 (cf58cba358d..., userDataDir: /var/folders/rq/m7nhxxts6qz...}, fedcm:accounts: true, goog:chromeOptions: {debuggerAddress: localhost:52647}, networkConnectionEnabled: false, pageLoadStrategy: normal, platformName: mac, proxy: Proxy(), se:cdp: ws://localhost:52647/devtoo..., se:cdpVersion: 129.0.6668.103, setWindowRect: true, strictFileInteractability: false, timeouts: {implicit: 0, pageLoad: 300000, script: 30000}, unhandledPromptBehavior: dismiss and notify, webauthn:extension:credBlob: true, webauthn:extension:largeBlob: true, webauthn:extension:minPinLength: true, webauthn:extension:prf: true, webauthn:virtualAuthenticators: true}
Element: [[ChromeDriver: chrome on mac (6dbdebe6439b9cc1f960d6bba01f7983)] -> css selector: div.grid.group.units-grid > div.font-secondary.text-s:nth-child(1)]
Session ID: 6dbdebe6439b9cc1f960d6bba01f7983]]>
            </message>
            <full-stacktrace>
              <![CDATA[org.openqa.selenium.ElementClickInterceptedException: element click intercepted: Element <div class="font-secondary text-s">...</div> is not clickable at point (229, 71). Other element would receive the click: <div class="container flex justify-between py-l h-[60px]">...</div>
  (Session info: chrome=129.0.6668.103)
Build info: version: '4.19.1', revision: 'abe0ee07dc'
System info: os.name: 'Mac OS X', os.arch: 'x86_64', os.version: '14.6.1', java.version: '17.0.10'
Driver info: org.openqa.selenium.chrome.ChromeDriver
Command: [6dbdebe6439b9cc1f960d6bba01f7983, clickElement {id=f.1CCDB2C0CF09EEF5DF708BC21E04A77B.d.2BDB728FD839AFDCCD210F4F0FEB77D8.e.66}]
Capabilities {acceptInsecureCerts: false, browserName: chrome, browserVersion: 129.0.6668.103, chrome: {chromedriverVersion: 129.0.6668.100 (cf58cba358d..., userDataDir: /var/folders/rq/m7nhxxts6qz...}, fedcm:accounts: true, goog:chromeOptions: {debuggerAddress: localhost:52647}, networkConnectionEnabled: false, pageLoadStrategy: normal, platformName: mac, proxy: Proxy(), se:cdp: ws://localhost:52647/devtoo..., se:cdpVersion: 129.0.6668.103, setWindowRect: true, strictFileInteractability: false, timeouts: {implicit: 0, pageLoad: 300000, script: 30000}, unhandledPromptBehavior: dismiss and notify, webauthn:extension:credBlob: true, webauthn:extension:largeBlob: true, webauthn:extension:minPinLength: true, webauthn:extension:prf: true, webauthn:virtualAuthenticators: true}
Element: [[ChromeDriver: chrome on mac (6dbdebe6439b9cc1f960d6bba01f7983)] -> css selector: div.grid.group.units-grid > div.font-secondary.text-s:nth-child(1)]
Session ID: 6dbdebe6439b9cc1f960d6bba01f7983
at java.base/jdk.internal.reflect.NativeConstructorAccessorImpl.newInstance0(Native Method)
at java.base/jdk.internal.reflect.NativeConstructorAccessorImpl.newInstance(NativeConstructorAccessorImpl.java:77)
at java.base/jdk.internal.reflect.DelegatingConstructorAccessorImpl.newInstance(DelegatingConstructorAccessorImpl.java:45)
at java.base/java.lang.reflect.Constructor.newInstanceWithCaller(Constructor.java:499)
at java.base/java.lang.reflect.Constructor.newInstance(Constructor.java:480)
at org.openqa.selenium.remote.ErrorCodec.decode(ErrorCodec.java:167)
at org.openqa.selenium.remote.codec.w3c.W3CHttpResponseCodec.decode(W3CHttpResponseCodec.java:138)
at org.openqa.selenium.remote.codec.w3c.W3CHttpResponseCodec.decode(W3CHttpResponseCodec.java:50)
at org.openqa.selenium.remote.HttpCommandExecutor.execute(HttpCommandExecutor.java:190)
at org.openqa.selenium.remote.service.DriverCommandExecutor.invokeExecute(DriverCommandExecutor.java:216)
at org.openqa.selenium.remote.service.DriverCommandExecutor.execute(DriverCommandExecutor.java:174)
at org.openqa.selenium.remote.RemoteWebDriver.execute(RemoteWebDriver.java:518)
at org.openqa.selenium.remote.RemoteWebElement.execute(RemoteWebElement.java:223)
at org.openqa.selenium.remote.RemoteWebElement.click(RemoteWebElement.java:76)
at TestClasses.HandlingAccordian.test(HandlingAccordian.java:44)
at java.base/jdk.internal.reflect.NativeMethodAccessorImpl.invoke0(Native Method)
at java.base/jdk.internal.reflect.NativeMethodAccessorImpl.invoke(NativeMethodAccessorImpl.java:77)
at java.base/jdk.internal.reflect.DelegatingMethodAccessorImpl.invoke(DelegatingMethodAccessorImpl.java:43)
at java.base/java.lang.reflect.Method.invoke(Method.java:568)
at org.testng.internal.invokers.MethodInvocationHelper.invokeMethod(MethodInvocationHelper.java:139)
at org.testng.internal.invokers.TestInvoker.invokeMethod(TestInvoker.java:664)
at org.testng.internal.invokers.TestInvoker.invokeTestMethod(TestInvoker.java:228)
at org.testng.internal.invokers.MethodRunner.runInSequence(MethodRunner.java:63)
at org.testng.internal.invokers.TestInvoker$MethodInvocationAgent.invoke(TestInvoker.java:961)
at org.testng.internal.invokers.TestInvoker.invokeTestMethods(TestInvoker.java:201)
at org.testng.internal.invokers.TestMethodWorker.invokeTestMethods(TestMethodWorker.java:148)
at org.testng.internal.invokers.TestMethodWorker.run(TestMethodWorker.java:128)
at java.base/java.util.ArrayList.forEach(ArrayList.java:1511)
at org.testng.TestRunner.privateRun(TestRunner.java:819)
at org.testng.TestRunner.run(TestRunner.java:619)
at org.testng.SuiteRunner.runTest(SuiteRunner.java:443)
at org.testng.SuiteRunner.runSequentially(SuiteRunner.java:437)
at org.testng.SuiteRunner.privateRun(SuiteRunner.java:397)
at org.testng.SuiteRunner.run(SuiteRunner.java:336)
at org.testng.SuiteRunnerWorker.runSuite(SuiteRunnerWorker.java:52)
at org.testng.SuiteRunnerWorker.run(SuiteRunnerWorker.java:95)
at org.testng.TestNG.runSuitesSequentially(TestNG.java:1301)
at org.testng.TestNG.runSuitesLocally(TestNG.java:1228)
at org.testng.TestNG.runSuites(TestNG.java:1134)
at org.testng.TestNG.run(TestNG.java:1101)
at org.testng.remote.AbstractRemoteTestNG.run(AbstractRemoteTestNG.java:115)
at org.testng.remote.RemoteTestNG.initAndRun(RemoteTestNG.java:293)
at org.testng.remote.RemoteTestNG.main(RemoteTestNG.java:91)
]]>
            </full-stacktrace>
          </exception> <!-- org.openqa.selenium.ElementClickInterceptedException -->
          <reporter-output>
          </reporter-output>
        </test-method> <!-- test -->
      </class> <!-- TestClasses.HandlingAccordian -->
    </test> <!-- Default test -->
  </suite> <!-- Default suite -->
</testng-results>
